<?xml version="1.0" encoding="UTF-8"?>
<testng-results skipped="0" failed="0" total="1" passed="1">
  <reporter-output>
  </reporter-output>
  <suite name="Suite" duration-ms="10295" started-at="2017-08-30T11:36:49Z" finished-at="2017-08-30T11:36:59Z">
    <groups>
    </groups>
    <test name="Test" duration-ms="10295" started-at="2017-08-30T11:36:49Z" finished-at="2017-08-30T11:36:59Z">
      <class name="com.basic.ohrm.LoginOhrm">
        <test-method status="PASS" signature="brType()[pri:0, instance:com.basic.ohrm.LoginOhrm@6e06451e]" name="brType" is-config="true" duration-ms="7041" started-at="2017-08-30T17:06:49Z" finished-at="2017-08-30T17:06:56Z">
          <reporter-output>
          </reporter-output>
        </test-method> <!-- brType -->
        <test-method status="PASS" signature="login()[pri:0, instance:com.basic.ohrm.LoginOhrm@6e06451e]" name="login" duration-ms="1923" started-at="2017-08-30T17:06:56Z" finished-at="2017-08-30T17:06:58Z">
          <reporter-output>
          </reporter-output>
        </test-method> <!-- login -->
        <test-method status="PASS" signature="quit()[pri:0, instance:com.basic.ohrm.LoginOhrm@6e06451e]" name="quit" is-config="true" duration-ms="1313" started-at="2017-08-30T17:06:58Z" finished-at="2017-08-30T17:06:59Z">
          <reporter-output>
          </reporter-output>
        </test-method> <!-- quit -->
      </class> <!-- com.basic.ohrm.LoginOhrm -->
    </test> <!-- Test -->
  </suite> <!-- Suite -->
</testng-results>
